<?xml version="1.0" encoding="UTF-8"?>
<!-- Generated by org.testng.reporters.JUnitReportReporter -->
<testsuite skipped="0" hostname="Mamalima-PC" name="autoit.LoggerDemo" tests="1" failures="0" timestamp="19 Feb 2020 15:32:41 GMT" time="0.018" errors="0">
  <testcase name="LoggerDemo" time="0.018" classname="autoit.LoggerDemo"/>
</testsuite> <!-- autoit.LoggerDemo -->
