<?xml version="1.0" encoding="UTF-8"?>
<!-- Generated by org.testng.reporters.JUnitReportReporter -->
<testsuite skipped="0" hostname="Mamalima-PC" name="autoit.UploadPhoto" tests="1" failures="0" timestamp="16 Feb 2020 14:15:47 GMT" time="52.534" errors="0">
  <testcase name="UploadPhoto" time="52.534" classname="autoit.UploadPhoto"/>
</testsuite> <!-- autoit.UploadPhoto -->
